TN:
SF:src/controllers/authController.ts
FN:5,(anonymous_0)
FN:19,(anonymous_1)
FNF:2
FNH:1
FNDA:1,(anonymous_0)
FNDA:0,(anonymous_1)
DA:6,1
DA:7,1
DA:8,1
DA:9,0
DA:10,0
DA:12,1
DA:13,0
DA:15,1
DA:20,0
DA:21,0
DA:22,0
DA:23,0
DA:25,0
LF:13
LH:5
BRDA:8,0,0,0
BRDA:8,0,1,1
BRDA:8,1,0,1
BRDA:8,1,1,1
BRF:4
BRH:3
end_of_record
TN:
SF:src/controllers/userController.ts
FN:5,(anonymous_0)
FN:14,(anonymous_1)
FN:24,(anonymous_2)
FNF:3
FNH:1
FNDA:0,(anonymous_0)
FNDA:1,(anonymous_1)
FNDA:0,(anonymous_2)
DA:6,0
DA:7,0
DA:8,0
DA:10,0
DA:15,1
DA:16,1
DA:17,1
DA:18,1
DA:20,0
DA:25,0
DA:26,0
DA:27,0
DA:28,0
DA:29,0
DA:31,0
LF:15
LH:4
BRDA:16,0,0,1
BRDA:16,0,1,0
BRDA:26,1,0,0
BRDA:26,1,1,0
BRF:4
BRH:1
end_of_record
TN:
SF:src/models/db.ts
FN:24,initDB
FN:30,saveEvent
FN:42,getAllUsers
FN:47,getAllMessages
FN:52,getAllEvents
FNF:5
FNH:1
FNDA:4,initDB
FNDA:0,saveEvent
FNDA:0,getAllUsers
FNDA:0,getAllMessages
FNDA:0,getAllEvents
DA:7,3
DA:9,3
DA:10,3
DA:11,3
DA:12,3
DA:22,3
DA:25,4
DA:26,4
DA:27,4
DA:31,0
DA:38,0
DA:39,0
DA:43,0
DA:44,0
DA:48,0
DA:49,0
DA:53,0
DA:54,0
LF:18
LH:9
BRDA:26,0,0,0
BRDA:26,0,1,4
BRF:2
BRH:1
end_of_record
TN:
SF:src/models/roomModel.ts
FN:5,(anonymous_0)
FN:10,(anonymous_1)
FN:12,(anonymous_2)
FN:15,(anonymous_3)
FN:29,(anonymous_4)
FNF:5
FNH:2
FNDA:2,(anonymous_0)
FNDA:0,(anonymous_1)
FNDA:0,(anonymous_2)
FNDA:1,(anonymous_3)
FNDA:0,(anonymous_4)
DA:6,2
DA:7,2
DA:11,0
DA:12,0
DA:16,1
DA:17,1
DA:18,1
DA:19,1
DA:20,0
DA:22,1
DA:23,0
DA:24,0
DA:26,1
DA:30,0
DA:31,0
LF:15
LH:8
BRDA:15,0,0,0
BRDA:18,1,0,0
BRDA:18,1,1,1
BRDA:19,2,0,0
BRDA:19,2,1,1
BRDA:19,3,0,1
BRDA:19,3,1,0
BRDA:22,4,0,0
BRDA:22,4,1,1
BRF:9
BRH:4
end_of_record
TN:
SF:src/models/userModel.ts
FN:6,(anonymous_0)
FN:28,(anonymous_1)
FN:33,(anonymous_2)
FN:43,(anonymous_3)
FNF:4
FNH:3
FNDA:3,(anonymous_0)
FNDA:5,(anonymous_1)
FNDA:1,(anonymous_2)
FNDA:0,(anonymous_3)
DA:7,3
DA:8,3
DA:9,3
DA:10,1
DA:12,2
DA:13,2
DA:23,2
DA:24,2
DA:25,2
DA:29,5
DA:30,5
DA:34,1
DA:35,1
DA:36,1
DA:37,1
DA:38,1
DA:39,1
DA:40,1
DA:44,0
DA:45,0
LF:20
LH:18
BRDA:9,0,0,1
BRDA:9,0,1,2
BRDA:12,1,0,2
BRDA:12,1,1,0
BRDA:18,2,0,2
BRDA:18,2,1,2
BRDA:36,3,0,0
BRDA:36,3,1,1
BRDA:38,4,0,0
BRDA:38,4,1,1
BRF:10
BRH:7
end_of_record
TN:
SF:src/services/authService.ts
FN:5,(anonymous_0)
FN:9,(anonymous_1)
FN:17,(anonymous_2)
FNF:3
FNH:2
FNDA:2,(anonymous_0)
FNDA:1,(anonymous_1)
FNDA:0,(anonymous_2)
DA:6,2
DA:10,1
DA:11,1
DA:12,1
DA:14,0
DA:18,0
LF:6
LH:4
BRDA:11,0,0,1
BRDA:11,0,1,0
BRDA:11,1,0,1
BRDA:11,1,1,1
BRDA:11,1,2,1
BRF:5
BRH:4
end_of_record
TN:
SF:src/services/roomService.ts
FN:4,(anonymous_0)
FN:8,(anonymous_1)
FN:12,(anonymous_2)
FNF:3
FNH:1
FNDA:1,(anonymous_0)
FNDA:0,(anonymous_1)
FNDA:0,(anonymous_2)
DA:5,1
DA:9,0
DA:13,0
LF:3
LH:1
BRDA:12,0,0,0
BRF:1
BRH:0
end_of_record
TN:
SF:src/services/userService.ts
FN:4,(anonymous_0)
FN:12,(anonymous_1)
FN:18,(anonymous_2)
FNF:3
FNH:2
FNDA:2,(anonymous_0)
FNDA:1,(anonymous_1)
FNDA:0,(anonymous_2)
DA:5,2
DA:6,2
DA:8,2
DA:9,2
DA:13,1
DA:14,1
DA:15,1
DA:19,0
LF:8
LH:7
BRDA:6,0,0,0
BRDA:6,0,1,2
BRDA:14,1,0,0
BRDA:14,1,1,1
BRF:4
BRH:2
end_of_record
